<?xml version="1.0" encoding="UTF-8"?>
<testng-results skipped="0" failed="0" ignored="0" total="1" passed="1">
  <reporter-output>
  </reporter-output>
  <suite name="Default suite" duration-ms="98491" started-at="2019-06-22T07:53:26Z" finished-at="2019-06-22T07:55:04Z">
    <groups>
    </groups>
    <test name="Default test" duration-ms="98491" started-at="2019-06-22T07:53:26Z" finished-at="2019-06-22T07:55:04Z">
      <class name="testPackage.Windows22June2019">
        <test-method status="PASS" signature="f()[pri:0, instance:testPackage.Windows22June2019@55f3ddb1]" name="f" duration-ms="98390" started-at="2019-06-22T07:53:26Z" finished-at="2019-06-22T07:55:04Z">
          <reporter-output>
          </reporter-output>
        </test-method> <!-- f -->
      </class> <!-- testPackage.Windows22June2019 -->
    </test> <!-- Default test -->
  </suite> <!-- Default suite -->
</testng-results>
