<?xml version="1.0" encoding="UTF-8"?>
<!-- Generated by org.testng.reporters.JUnitReportReporter -->
<testsuite skipped="0" hostname="LSLRHRL0213" name="testPackage.Properties22June2019" tests="2" failures="0" timestamp="22 Jun 2019 07:30:55 GMT" time="0.154" errors="0">
  <testcase name="getValueFromPropertyFile" time="0.085" classname="testPackage.Properties22June2019"/>
  <testcase name="putValueInPropertFile" time="0.069" classname="testPackage.Properties22June2019"/>
</testsuite> <!-- testPackage.Properties22June2019 -->
